<?xml version="1.0" encoding="UTF-8"?>
<testsuite name="BasicsTest" tests="1" skipped="0" failures="0" errors="0" timestamp="2023-05-11T18:36:04" hostname="ANDY" time="0.014">
  <properties/>
  <testcase name="testTask5" classname="BasicsTest" time="0.014"/>
  <system-out><![CDATA[]]></system-out>
  <system-err><![CDATA[]]></system-err>
</testsuite>
